<?xml version="1.0" encoding="UTF-8"?>
<!-- Generated by org.testng.reporters.JUnitReportReporter -->
<testsuite hostname="Vineetkumar" failures="0" tests="1" name="TestCasePackage.TestCaseFiles" time="1.202" errors="0" timestamp="2024-03-08T16:41:10 IST" skipped="0">
  <testcase classname="TestCasePackage.TestCaseFiles" name="openurl" time="1.202"/>
</testsuite> <!-- TestCasePackage.TestCaseFiles -->
